<?xml version="1.0" encoding="UTF-8" ?>
<testsuite tests="2" failures="1" name="CucumberTest" time="27.025" errors="0" skipped="0">
  <properties>
[...]
</properties>
  <testcase classname="Client sign up" name="Client sign up successfully" time="17.445"/>
  <testcase classname="Client sign up" name="Client sign up failed" time="9.58">
    <failure message="expected:&lt;[fals]e&gt; but was:&lt;[tru]e&gt;" type="org.junit.ComparisonFailure">org.junit.ComparisonFailure: expected:&lt;[fals]e&gt; but was:&lt;[tru]e&gt;
	at java.base/jdk.internal.reflect.NativeConstructorAccessorImpl.newInstance0(Native Method)
	at java.base/jdk.internal.reflect.NativeConstructorAccessorImpl.newInstance(NativeConstructorAccessorImpl.java:62)
	at java.base/jdk.internal.reflect.DelegatingConstructorAccessorImpl.newInstance(DelegatingConstructorAccessorImpl.java:45)
	at java.base/java.lang.reflect.Constructor.newInstanceWithCaller(Constructor.java:500)
	at com.mesaj.app.stepdefinitions.SignUpStepDefs.he_should_be_told_that_the_account_was_not_created(SignUpStepDefs.java:48)
	at ✽.He should be told that the account was not created(file:///C:/Users/ID_0017/Documents/GitHub/CURSOS/2_Cursos_Selenium/selenium-framework-poc/src/test/resources/features/signup.feature:11)
</failure>
    <system-out>
Scenario: Client sign up failed                           &amp;#27;[90m# src/test/resources/features/signup.feature:8&amp;#27;[0m
  &amp;#27;[32mGiven &amp;#27;[0m&amp;#27;[32mPepito wants to have an account&amp;#27;[0m                   &amp;#27;[90m# com.mesaj.app.stepdefinitions.SignUpStepDefs.pepito_wants_to_have_an_account()&amp;#27;[0m
  &amp;#27;[32mWhen &amp;#27;[0m&amp;#27;[32mHe sends required information to get the account&amp;#27;[0m   &amp;#27;[90m# com.mesaj.app.stepdefinitions.SignUpStepDefs.he_sends_required_information_to_get_the_account()&amp;#27;[0m
  &amp;#27;[31mThen &amp;#27;[0m&amp;#27;[31mHe should be told that the account was not created&amp;#27;[0m &amp;#27;[90m# com.mesaj.app.stepdefinitions.SignUpStepDefs.he_should_be_told_that_the_account_was_not_created()&amp;#27;[0m
      &amp;#27;[31morg.junit.ComparisonFailure: expected:&lt;[fals]e&gt; but was:&lt;[tru]e&gt;
	at java.base/jdk.internal.reflect.NativeConstructorAccessorImpl.newInstance0(Native Method)
	at java.base/jdk.internal.reflect.NativeConstructorAccessorImpl.newInstance(NativeConstructorAccessorImpl.java:62)
	at java.base/jdk.internal.reflect.DelegatingConstructorAccessorImpl.newInstance(DelegatingConstructorAccessorImpl.java:45)
	at java.base/java.lang.reflect.Constructor.newInstanceWithCaller(Constructor.java:500)
	at com.mesaj.app.stepdefinitions.SignUpStepDefs.he_should_be_told_that_the_account_was_not_created(SignUpStepDefs.java:48)
	at ?.He should be told that the account was not created(file:///C:/Users/ID_0017/Documents/GitHub/CURSOS/2_Cursos_Selenium/selenium-framework-poc/src/test/resources/features/signup.feature:11)
&amp;#27;[0m

    Embedding 18af1fdf-d85e-473a-bcdb-cd81eacf508e [image/png 91473 bytes]

</system-out>
  </testcase>
</testsuite>